# JRE version: OpenJDK Runtime Environment Temurin-17.0.1+12 (17.0.1+12) (build 17.0.1+12)
# Java VM: OpenJDK 64-Bit Server VM Temurin-17.0.1+12 (17.0.1+12, mixed mode, tiered, compressed oops, compressed class ptrs, g1 gc, windows-amd64)
GC Precious Log:
 CPUs: 4 total, 4 available
 Memory: 8071M
 Large Page Support: Disabled
 NUMA Support: Disabled
 Compressed Oops: Enabled (32-bit)
 Heap Region Size: 1M
 Heap Min Capacity: 8M
 Heap Initial Capacity: 128M
 Heap Max Capacity: 1G
 Pre-touch: Disabled
 Parallel Workers: 4
 Concurrent Workers: 1
 Concurrent Refinement Workers: 4
 Periodic GC: Disabled
 String Deduplication is enabled
Heap:
 garbage-first heap   total 45056K, used 27325K [0x00000000c0000000, 0x0000000100000000)
  region size 1024K, 18 young (18432K), 2 survivors (2048K)
 Metaspace       used 26543K, committed 27136K, reserved 1081344K
  class space    used 2633K, committed 2880K, reserved 1048576K
GC Heap History (10 events):
Event: 7.608 GC heap before
{Heap before GC invocations=0 (full 0):
 garbage-first heap   total 131072K, used 13312K [0x00000000c0000000, 0x0000000100000000)
  region size 1024K, 13 young (13312K), 0 survivors (0K)
 Metaspace       used 8460K, committed 8576K, reserved 1064960K
  class space    used 846K, committed 896K, reserved 1048576K
}
Event: 7.610 GC heap after
{Heap after GC invocations=1 (full 0):
 garbage-first heap   total 131072K, used 1779K [0x00000000c0000000, 0x0000000100000000)
  region size 1024K, 2 young (2048K), 2 survivors (2048K)
 Metaspace       used 8460K, committed 8576K, reserved 1064960K
  class space    used 846K, committed 896K, reserved 1048576K
}
Event: 8.693 GC heap before
{Heap before GC invocations=1 (full 0):
 garbage-first heap   total 131072K, used 20211K [0x00000000c0000000, 0x0000000100000000)
  region size 1024K, 20 young (20480K), 2 survivors (2048K)
 Metaspace       used 11364K, committed 11520K, reserved 1064960K
  class space    used 1137K, committed 1216K, reserved 1048576K
}
Event: 8.697 GC heap after
{Heap after GC invocations=2 (full 0):
 garbage-first heap   total 131072K, used 4352K [0x00000000c0000000, 0x0000000100000000)
  region size 1024K, 3 young (3072K), 3 survivors (3072K)
 Metaspace       used 11364K, committed 11520K, reserved 1064960K
  class space    used 1137K, committed 1216K, reserved 1048576K
}
Event: 22.480 GC heap before
{Heap before GC invocations=2 (full 0):
 garbage-first heap   total 131072K, used 60672K [0x00000000c0000000, 0x0000000100000000)
  region size 1024K, 58 young (59392K), 3 survivors (3072K)
 Metaspace       used 20390K, committed 20864K, reserved 1073152K
  class space    used 2041K, committed 2240K, reserved 1048576K
}
Event: 22.494 GC heap after
{Heap after GC invocations=3 (full 0):
 garbage-first heap   total 131072K, used 10551K [0x00000000c0000000, 0x0000000100000000)
  region size 1024K, 8 young (8192K), 8 survivors (8192K)
 Metaspace       used 20390K, committed 20864K, reserved 1073152K
  class space    used 2041K, committed 2240K, reserved 1048576K
}
Event: 22.591 GC heap before
{Heap before GC invocations=3 (full 0):
 garbage-first heap   total 131072K, used 12599K [0x00000000c0000000, 0x0000000100000000)
  region size 1024K, 11 young (11264K), 8 survivors (8192K)
 Metaspace       used 21055K, committed 21504K, reserved 1073152K
  class space    used 2086K, committed 2304K, reserved 1048576K
}
Event: 22.595 GC heap after
{Heap after GC invocations=4 (full 0):
 garbage-first heap   total 131072K, used 11743K [0x00000000c0000000, 0x0000000100000000)
  region size 1024K, 1 young (1024K), 1 survivors (1024K)
 Metaspace       used 21055K, committed 21504K, reserved 1073152K
  class space    used 2086K, committed 2304K, reserved 1048576K
}
Event: 23.876 GC heap before
{Heap before GC invocations=5 (full 0):
 garbage-first heap   total 45056K, used 36319K [0x00000000c0000000, 0x0000000100000000)
  region size 1024K, 26 young (26624K), 1 survivors (1024K)
 Metaspace       used 24475K, committed 25024K, reserved 1073152K
  class space    used 2367K, committed 2624K, reserved 1048576K
}
Event: 23.878 GC heap after
{Heap after GC invocations=6 (full 0):
 garbage-first heap   total 45056K, used 11965K [0x00000000c0000000, 0x0000000100000000)
  region size 1024K, 2 young (2048K), 2 survivors (2048K)
 Metaspace       used 24475K, committed 25024K, reserved 1073152K
  class space    used 2367K, committed 2624K, reserved 1048576K
}

